1759580959.552338 client started (89646): version 3.5a, socket /private/tmp/tmux-501/default, protocol 8
1759580959.552460 on Darwin 24.6.0 Darwin Kernel Version 24.6.0: Mon Aug 11 21:16:21 PDT 2025; root:xnu-11417.140.69.701.11~1/RELEASE_ARM64_T6000
1759580959.552481 using libevent 2.1.12-stable select
1759580959.553169 using utf8proc 2.11.0
1759580959.553191 using ncurses 6.5 20240427
1759580959.553220 flags are 0x10010000
1759580959.553231 socket is /private/tmp/tmux-501/default
1759580959.553252 trying connect
1759580959.553346 add peer 0x140048000: 6 (0x0)
1759580959.558343 sending message 111 to peer 0x140048000 (8 bytes)
1759580959.558401 sending message 111 to peer 0x140048000 (8 bytes)
1759580959.558412 sending message 101 to peer 0x140048000 (14 bytes)
1759580959.558422 sending message 109 to peer 0x140048000 (4 bytes)
1759580959.558432 sending message 102 to peer 0x140048000 (13 bytes)
1759580959.558442 sending message 108 to peer 0x140048000 (27 bytes)
1759580959.558451 sending message 112 to peer 0x140048000 (70 bytes)
1759580959.558460 sending message 112 to peer 0x140048000 (5 bytes)
1759580959.558470 sending message 112 to peer 0x140048000 (5 bytes)
1759580959.558479 sending message 112 to peer 0x140048000 (6 bytes)
1759580959.558489 sending message 112 to peer 0x140048000 (6 bytes)
1759580959.558498 sending message 112 to peer 0x140048000 (11 bytes)
1759580959.558507 sending message 112 to peer 0x140048000 (10 bytes)
1759580959.558516 sending message 112 to peer 0x140048000 (13 bytes)
1759580959.558526 sending message 112 to peer 0x140048000 (14 bytes)
1759580959.558535 sending message 112 to peer 0x140048000 (9 bytes)
1759580959.558544 sending message 112 to peer 0x140048000 (21 bytes)
1759580959.558553 sending message 112 to peer 0x140048000 (19 bytes)
1759580959.558563 sending message 112 to peer 0x140048000 (11 bytes)
1759580959.558572 sending message 112 to peer 0x140048000 (21 bytes)
1759580959.558581 sending message 112 to peer 0x140048000 (13 bytes)
1759580959.558590 sending message 112 to peer 0x140048000 (7 bytes)
1759580959.558600 sending message 112 to peer 0x140048000 (13 bytes)
1759580959.558609 sending message 112 to peer 0x140048000 (7 bytes)
1759580959.558618 sending message 112 to peer 0x140048000 (13 bytes)
1759580959.558627 sending message 112 to peer 0x140048000 (9 bytes)
1759580959.558636 sending message 112 to peer 0x140048000 (21 bytes)
1759580959.558645 sending message 112 to peer 0x140048000 (13 bytes)
1759580959.558655 sending message 112 to peer 0x140048000 (9 bytes)
1759580959.558664 sending message 112 to peer 0x140048000 (16 bytes)
1759580959.558673 sending message 112 to peer 0x140048000 (13 bytes)
1759580959.558683 sending message 112 to peer 0x140048000 (9 bytes)
1759580959.558692 sending message 112 to peer 0x140048000 (9 bytes)
1759580959.558701 sending message 112 to peer 0x140048000 (12 bytes)
1759580959.558710 sending message 112 to peer 0x140048000 (8 bytes)
1759580959.558719 sending message 112 to peer 0x140048000 (12 bytes)
1759580959.558728 sending message 112 to peer 0x140048000 (8 bytes)
1759580959.558737 sending message 112 to peer 0x140048000 (13 bytes)
1759580959.558746 sending message 112 to peer 0x140048000 (7 bytes)
1759580959.558755 sending message 112 to peer 0x140048000 (7 bytes)
1759580959.558764 sending message 112 to peer 0x140048000 (9 bytes)
1759580959.558774 sending message 112 to peer 0x140048000 (12 bytes)
1759580959.558783 sending message 112 to peer 0x140048000 (6 bytes)
1759580959.558792 sending message 112 to peer 0x140048000 (9 bytes)
1759580959.558801 sending message 112 to peer 0x140048000 (15 bytes)
1759580959.558810 sending message 112 to peer 0x140048000 (13 bytes)
1759580959.558819 sending message 112 to peer 0x140048000 (9 bytes)
1759580959.558828 sending message 112 to peer 0x140048000 (12 bytes)
1759580959.558838 sending message 112 to peer 0x140048000 (8 bytes)
1759580959.558847 sending message 112 to peer 0x140048000 (14 bytes)
1759580959.558856 sending message 112 to peer 0x140048000 (11 bytes)
1759580959.558865 sending message 112 to peer 0x140048000 (9 bytes)
1759580959.558925 sending message 112 to peer 0x140048000 (10 bytes)
1759580959.558933 sending message 112 to peer 0x140048000 (10 bytes)
1759580959.558940 sending message 112 to peer 0x140048000 (10 bytes)
1759580959.558946 sending message 112 to peer 0x140048000 (10 bytes)
1759580959.558953 sending message 112 to peer 0x140048000 (11 bytes)
1759580959.558959 sending message 112 to peer 0x140048000 (12 bytes)
1759580959.558966 sending message 112 to peer 0x140048000 (12 bytes)
1759580959.558972 sending message 112 to peer 0x140048000 (12 bytes)
1759580959.558979 sending message 112 to peer 0x140048000 (12 bytes)
1759580959.558985 sending message 112 to peer 0x140048000 (12 bytes)
1759580959.558992 sending message 112 to peer 0x140048000 (11 bytes)
1759580959.559007 sending message 112 to peer 0x140048000 (11 bytes)
1759580959.559014 sending message 112 to peer 0x140048000 (12 bytes)
1759580959.559021 sending message 112 to peer 0x140048000 (12 bytes)
1759580959.559028 sending message 112 to peer 0x140048000 (12 bytes)
1759580959.559034 sending message 112 to peer 0x140048000 (12 bytes)
1759580959.559040 sending message 112 to peer 0x140048000 (12 bytes)
1759580959.559047 sending message 112 to peer 0x140048000 (9 bytes)
1759580959.559053 sending message 112 to peer 0x140048000 (12 bytes)
1759580959.559060 sending message 112 to peer 0x140048000 (13 bytes)
1759580959.559067 sending message 112 to peer 0x140048000 (13 bytes)
1759580959.559121 sending message 112 to peer 0x140048000 (13 bytes)
1759580959.559151 sending message 112 to peer 0x140048000 (13 bytes)
1759580959.559157 sending message 112 to peer 0x140048000 (13 bytes)
1759580959.559161 sending message 112 to peer 0x140048000 (8 bytes)
1759580959.559166 sending message 112 to peer 0x140048000 (11 bytes)
1759580959.559170 sending message 112 to peer 0x140048000 (11 bytes)
1759580959.559173 sending message 112 to peer 0x140048000 (11 bytes)
1759580959.559177 sending message 112 to peer 0x140048000 (12 bytes)
1759580959.559180 sending message 112 to peer 0x140048000 (12 bytes)
1759580959.559183 sending message 112 to peer 0x140048000 (12 bytes)
1759580959.559186 sending message 112 to peer 0x140048000 (12 bytes)
1759580959.559189 sending message 112 to peer 0x140048000 (13 bytes)
1759580959.559192 sending message 112 to peer 0x140048000 (13 bytes)
1759580959.559195 sending message 112 to peer 0x140048000 (13 bytes)
1759580959.559198 sending message 112 to peer 0x140048000 (8 bytes)
1759580959.559201 sending message 112 to peer 0x140048000 (13 bytes)
1759580959.559204 sending message 112 to peer 0x140048000 (13 bytes)
1759580959.559207 sending message 112 to peer 0x140048000 (13 bytes)
1759580959.559209 sending message 112 to peer 0x140048000 (13 bytes)
1759580959.559212 sending message 112 to peer 0x140048000 (13 bytes)
1759580959.559215 sending message 112 to peer 0x140048000 (12 bytes)
1759580959.559218 sending message 112 to peer 0x140048000 (12 bytes)
1759580959.559221 sending message 112 to peer 0x140048000 (12 bytes)
1759580959.559224 sending message 112 to peer 0x140048000 (12 bytes)
1759580959.559227 sending message 112 to peer 0x140048000 (13 bytes)
1759580959.559230 sending message 112 to peer 0x140048000 (8 bytes)
1759580959.559233 sending message 112 to peer 0x140048000 (13 bytes)
1759580959.559235 sending message 112 to peer 0x140048000 (13 bytes)
1759580959.559239 sending message 112 to peer 0x140048000 (13 bytes)
1759580959.559242 sending message 112 to peer 0x140048000 (13 bytes)
1759580959.559245 sending message 112 to peer 0x140048000 (13 bytes)
1759580959.559248 sending message 112 to peer 0x140048000 (13 bytes)
1759580959.559251 sending message 112 to peer 0x140048000 (13 bytes)
1759580959.559254 sending message 112 to peer 0x140048000 (12 bytes)
1759580959.559257 sending message 112 to peer 0x140048000 (12 bytes)
1759580959.559260 sending message 112 to peer 0x140048000 (12 bytes)
1759580959.559263 sending message 112 to peer 0x140048000 (8 bytes)
1759580959.559266 sending message 112 to peer 0x140048000 (12 bytes)
1759580959.559282 sending message 112 to peer 0x140048000 (13 bytes)
1759580959.559285 sending message 112 to peer 0x140048000 (13 bytes)
1759580959.559288 sending message 112 to peer 0x140048000 (13 bytes)
1759580959.559291 sending message 112 to peer 0x140048000 (13 bytes)
1759580959.559294 sending message 112 to peer 0x140048000 (13 bytes)
1759580959.559297 sending message 112 to peer 0x140048000 (13 bytes)
1759580959.559300 sending message 112 to peer 0x140048000 (13 bytes)
1759580959.559303 sending message 112 to peer 0x140048000 (13 bytes)
1759580959.559305 sending message 112 to peer 0x140048000 (12 bytes)
1759580959.559308 sending message 112 to peer 0x140048000 (10 bytes)
1759580959.559311 sending message 112 to peer 0x140048000 (12 bytes)
1759580959.559314 sending message 112 to peer 0x140048000 (12 bytes)
1759580959.559318 sending message 112 to peer 0x140048000 (12 bytes)
1759580959.559321 sending message 112 to peer 0x140048000 (13 bytes)
1759580959.559324 sending message 112 to peer 0x140048000 (13 bytes)
1759580959.559327 sending message 112 to peer 0x140048000 (13 bytes)
1759580959.559330 sending message 112 to peer 0x140048000 (13 bytes)
1759580959.559333 sending message 112 to peer 0x140048000 (13 bytes)
1759580959.559336 sending message 112 to peer 0x140048000 (13 bytes)
1759580959.559339 sending message 112 to peer 0x140048000 (13 bytes)
1759580959.559342 sending message 112 to peer 0x140048000 (10 bytes)
1759580959.559344 sending message 112 to peer 0x140048000 (13 bytes)
1759580959.559347 sending message 112 to peer 0x140048000 (12 bytes)
1759580959.559351 sending message 112 to peer 0x140048000 (12 bytes)
1759580959.559353 sending message 112 to peer 0x140048000 (12 bytes)
1759580959.559356 sending message 112 to peer 0x140048000 (10 bytes)
1759580959.559359 sending message 112 to peer 0x140048000 (10 bytes)
1759580959.559362 sending message 112 to peer 0x140048000 (10 bytes)
1759580959.559365 sending message 112 to peer 0x140048000 (12 bytes)
1759580959.559368 sending message 112 to peer 0x140048000 (13 bytes)
1759580959.559371 sending message 112 to peer 0x140048000 (13 bytes)
1759580959.559374 sending message 112 to peer 0x140048000 (13 bytes)
1759580959.559377 sending message 112 to peer 0x140048000 (13 bytes)
1759580959.559380 sending message 112 to peer 0x140048000 (13 bytes)
1759580959.559383 sending message 112 to peer 0x140048000 (10 bytes)
1759580959.559386 sending message 112 to peer 0x140048000 (11 bytes)
1759580959.559388 sending message 112 to peer 0x140048000 (12 bytes)
1759580959.559391 sending message 112 to peer 0x140048000 (12 bytes)
1759580959.559394 sending message 112 to peer 0x140048000 (12 bytes)
1759580959.559397 sending message 112 to peer 0x140048000 (12 bytes)
1759580959.559400 sending message 112 to peer 0x140048000 (12 bytes)
1759580959.559404 sending message 112 to peer 0x140048000 (11 bytes)
1759580959.559407 sending message 112 to peer 0x140048000 (12 bytes)
1759580959.559410 sending message 112 to peer 0x140048000 (12 bytes)
1759580959.559413 sending message 112 to peer 0x140048000 (13 bytes)
1759580959.559416 sending message 112 to peer 0x140048000 (13 bytes)
1759580959.559419 sending message 112 to peer 0x140048000 (13 bytes)
1759580959.559422 sending message 112 to peer 0x140048000 (13 bytes)
1759580959.559425 sending message 112 to peer 0x140048000 (13 bytes)
1759580959.559428 sending message 112 to peer 0x140048000 (10 bytes)
1759580959.559431 sending message 112 to peer 0x140048000 (9 bytes)
1759580959.559434 sending message 112 to peer 0x140048000 (12 bytes)
1759580959.559437 sending message 112 to peer 0x140048000 (13 bytes)
1759580959.559439 sending message 112 to peer 0x140048000 (13 bytes)
1759580959.559442 sending message 112 to peer 0x140048000 (13 bytes)
1759580959.559445 sending message 112 to peer 0x140048000 (13 bytes)
1759580959.559448 sending message 112 to peer 0x140048000 (13 bytes)
1759580959.559451 sending message 112 to peer 0x140048000 (9 bytes)
1759580959.559454 sending message 112 to peer 0x140048000 (12 bytes)
1759580959.559457 sending message 112 to peer 0x140048000 (13 bytes)
1759580959.559464 sending message 112 to peer 0x140048000 (13 bytes)
1759580959.559467 sending message 112 to peer 0x140048000 (13 bytes)
1759580959.559470 sending message 112 to peer 0x140048000 (13 bytes)
1759580959.559473 sending message 112 to peer 0x140048000 (13 bytes)
1759580959.559476 sending message 112 to peer 0x140048000 (11 bytes)
1759580959.559479 sending message 112 to peer 0x140048000 (12 bytes)
1759580959.559482 sending message 112 to peer 0x140048000 (13 bytes)
1759580959.559485 sending message 112 to peer 0x140048000 (13 bytes)
1759580959.559488 sending message 112 to peer 0x140048000 (13 bytes)
1759580959.559491 sending message 112 to peer 0x140048000 (13 bytes)
1759580959.559493 sending message 112 to peer 0x140048000 (13 bytes)
1759580959.559496 sending message 112 to peer 0x140048000 (11 bytes)
1759580959.559499 sending message 112 to peer 0x140048000 (12 bytes)
1759580959.559502 sending message 112 to peer 0x140048000 (12 bytes)
1759580959.559505 sending message 112 to peer 0x140048000 (12 bytes)
1759580959.559508 sending message 112 to peer 0x140048000 (12 bytes)
1759580959.559511 sending message 112 to peer 0x140048000 (12 bytes)
1759580959.559514 sending message 112 to peer 0x140048000 (21 bytes)
1759580959.559522 sending message 112 to peer 0x140048000 (12 bytes)
1759580959.559525 sending message 112 to peer 0x140048000 (9 bytes)
1759580959.559528 sending message 112 to peer 0x140048000 (6 bytes)
1759580959.559531 sending message 112 to peer 0x140048000 (13 bytes)
1759580959.559534 sending message 112 to peer 0x140048000 (10 bytes)
1759580959.559537 sending message 112 to peer 0x140048000 (15 bytes)
1759580959.559540 sending message 112 to peer 0x140048000 (13 bytes)
1759580959.559543 sending message 112 to peer 0x140048000 (9 bytes)
1759580959.559546 sending message 112 to peer 0x140048000 (70 bytes)
1759580959.559553 sending message 112 to peer 0x140048000 (69 bytes)
1759580959.559557 sending message 112 to peer 0x140048000 (34 bytes)
1759580959.559560 sending message 112 to peer 0x140048000 (34 bytes)
1759580959.559563 sending message 112 to peer 0x140048000 (70 bytes)
1759580959.559566 sending message 112 to peer 0x140048000 (12 bytes)
1759580959.559569 sending message 112 to peer 0x140048000 (10 bytes)
1759580959.559572 sending message 112 to peer 0x140048000 (10 bytes)
1759580959.559575 sending message 112 to peer 0x140048000 (15 bytes)
1759580959.559578 sending message 112 to peer 0x140048000 (13 bytes)
1759580959.559581 sending message 112 to peer 0x140048000 (10 bytes)
1759580959.559584 sending message 112 to peer 0x140048000 (10 bytes)
1759580959.559587 sending message 112 to peer 0x140048000 (17 bytes)
1759580959.559590 sending message 112 to peer 0x140048000 (10 bytes)
1759580959.559593 sending message 112 to peer 0x140048000 (13 bytes)
1759580959.559595 sending message 112 to peer 0x140048000 (32 bytes)
1759580959.559598 sending message 112 to peer 0x140048000 (5 bytes)
1759580959.559601 sending message 112 to peer 0x140048000 (9 bytes)
1759580959.559604 sending message 112 to peer 0x140048000 (15 bytes)
1759580959.559607 sending message 112 to peer 0x140048000 (5 bytes)
1759580959.559612 sending message 104 to peer 0x140048000 (0 bytes)
1759580959.559619 sending message 110 to peer 0x140048000 (0 bytes)
1759580959.559622 sending message 107 to peer 0x140048000 (4 bytes)
1759580959.559625 sending message 105 to peer 0x140048000 (36 bytes)
1759580959.559628 sending message 105 to peer 0x140048000 (45 bytes)
1759580959.559631 sending message 105 to peer 0x140048000 (20 bytes)
1759580959.559634 sending message 105 to peer 0x140048000 (22 bytes)
1759580959.559638 sending message 105 to peer 0x140048000 (30 bytes)
1759580959.559641 sending message 105 to peer 0x140048000 (57 bytes)
1759580959.559648 sending message 105 to peer 0x140048000 (75 bytes)
1759580959.559651 sending message 105 to peer 0x140048000 (36 bytes)
1759580959.559654 sending message 105 to peer 0x140048000 (24 bytes)
1759580959.559657 sending message 105 to peer 0x140048000 (30 bytes)
1759580959.559668 sending message 105 to peer 0x140048000 (17 bytes)
1759580959.559671 sending message 105 to peer 0x140048000 (8 bytes)
1759580959.559674 sending message 105 to peer 0x140048000 (20 bytes)
1759580959.559677 sending message 105 to peer 0x140048000 (32 bytes)
1759580959.559680 sending message 105 to peer 0x140048000 (96 bytes)
1759580959.559687 sending message 105 to peer 0x140048000 (217 bytes)
1759580959.559692 sending message 105 to peer 0x140048000 (58 bytes)
1759580959.559695 sending message 105 to peer 0x140048000 (16 bytes)
1759580959.559698 sending message 105 to peer 0x140048000 (32 bytes)
1759580959.559701 sending message 105 to peer 0x140048000 (67 bytes)
1759580959.559704 sending message 105 to peer 0x140048000 (34 bytes)
1759580959.559707 sending message 105 to peer 0x140048000 (11 bytes)
1759580959.559710 sending message 105 to peer 0x140048000 (620 bytes)
1759580959.559724 sending message 105 to peer 0x140048000 (31 bytes)
1759580959.559728 sending message 105 to peer 0x140048000 (15 bytes)
1759580959.559731 sending message 105 to peer 0x140048000 (8 bytes)
1759580959.559734 sending message 105 to peer 0x140048000 (66 bytes)
1759580959.559737 sending message 105 to peer 0x140048000 (66 bytes)
1759580959.559741 sending message 105 to peer 0x140048000 (38 bytes)
1759580959.559743 sending message 105 to peer 0x140048000 (19 bytes)
1759580959.559747 sending message 105 to peer 0x140048000 (19 bytes)
1759580959.559749 sending message 105 to peer 0x140048000 (63 bytes)
1759580959.559752 sending message 105 to peer 0x140048000 (18 bytes)
1759580959.559755 sending message 105 to peer 0x140048000 (26 bytes)
1759580959.559758 sending message 105 to peer 0x140048000 (57 bytes)
1759580959.559761 sending message 105 to peer 0x140048000 (43 bytes)
1759580959.559764 sending message 105 to peer 0x140048000 (13 bytes)
1759580959.559767 sending message 105 to peer 0x140048000 (66 bytes)
1759580959.559770 sending message 105 to peer 0x140048000 (17 bytes)
1759580959.559773 sending message 105 to peer 0x140048000 (98 bytes)
1759580959.559776 sending message 105 to peer 0x140048000 (14 bytes)
1759580959.559779 sending message 105 to peer 0x140048000 (19 bytes)
1759580959.559782 sending message 105 to peer 0x140048000 (34 bytes)
1759580959.559784 sending message 105 to peer 0x140048000 (58 bytes)
1759580959.559787 sending message 105 to peer 0x140048000 (30 bytes)
1759580959.559790 sending message 105 to peer 0x140048000 (82 bytes)
1759580959.559793 sending message 105 to peer 0x140048000 (43 bytes)
1759580959.559796 sending message 105 to peer 0x140048000 (32 bytes)
1759580959.559799 sending message 105 to peer 0x140048000 (25 bytes)
1759580959.559802 sending message 106 to peer 0x140048000 (0 bytes)
1759580959.559868 sending message 200 to peer 0x140048000 (4 bytes)
1759580959.559874 client loop enter
1759580959.560765 peer 0x140048000 message 303
1759580959.560787 open write file 2 -
1759580959.560813 sending message 305 to peer 0x140048000 (8 bytes)
1759580959.560826 write check file 2
1759580959.560853 peer 0x140048000 message 304
1759580959.560858 write 58 to file 2
1759580959.560868 peer 0x140048000 message 203
1759580959.560874 file 2 58 bytes left
1759580959.560883 write check file 2
1759580959.560887 client loop exit
